<?xml version="1.0" encoding="UTF-8"?>
<!-- Generated by org.testng.reporters.JUnitXMLReporter -->
<testsuite ignored="2" hostname="shridhar" failures="3" tests="4" name="Test" time="0.244" errors="0" timestamp="2023-02-04T21:34:19 IST">
  <testcase classname="extentPractice.Test1" name="functionality1test1" time="0.021"/>
  <testcase classname="extentPractice.Test1" name="functionality1test2" time="0.045">
    <failure type="java.lang.AssertionError" message="expected [true] but found [false]">
      <![CDATA[java.lang.AssertionError: expected [true] but found [false]
at extentPractice.Test1.functionality1test2(Test1.java:17)
at java.base/java.util.ArrayList.forEach(ArrayList.java:1511)
... Removed 34 stack frames]]>
    </failure>
  </testcase> <!-- functionality1test2 -->
  <testcase classname="extentPractice.Test2" name="functionality2test1" time="0.002">
    <failure type="java.lang.AssertionError" message="expected [ShridharGiri] but found [Shridhar]">
      <![CDATA[java.lang.AssertionError: expected [ShridharGiri] but found [Shridhar]
at extentPractice.Test2.functionality2test1(Test2.java:13)
at java.base/java.util.ArrayList.forEach(ArrayList.java:1511)
... Removed 36 stack frames]]>
    </failure>
  </testcase> <!-- functionality2test1 -->
  <testcase classname="extentPractice.Test2" name="functionality2test2" time="0.002">
    <failure type="java.lang.AssertionError" message="expected [ShridharGiri] but found [Shridhar]">
      <![CDATA[java.lang.AssertionError: expected [ShridharGiri] but found [Shridhar]
at extentPractice.Test2.functionality2test2(Test2.java:19)
at java.base/java.util.ArrayList.forEach(ArrayList.java:1511)
... Removed 36 stack frames]]>
    </failure>
  </testcase> <!-- functionality2test2 -->
  <testcase classname="baseClasses.baseTest" name="@BeforeSuite beforesuite" time="0.0">
    <ignored/>
  </testcase> <!-- @BeforeSuite beforesuite -->
  <testcase classname="baseClasses.baseTest" name="@AfterSuite aftersuite" time="0.0">
    <ignored/>
  </testcase> <!-- @AfterSuite aftersuite -->
</testsuite> <!-- Test -->
