<?xml version="1.0" encoding="UTF-8"?>
<testsuite name="TestSuite" time="0.09" tests="4" errors="0" skipped="0" failures="3">
  <properties>
[...]
</properties>
  <testcase name="functionality1test1" classname="extentPractice.Test1" time="0.024"/>
  <testcase name="functionality1test2" classname="extentPractice.Test1" time="0.059">
    <failure message="expected [true] but found [false]" type="java.lang.AssertionError">java.lang.AssertionError: expected [true] but found [false]
	at org.testng.Assert.fail(Assert.java:110)
	at org.testng.Assert.failNotEquals(Assert.java:1413)
	at org.testng.Assert.assertTrue(Assert.java:56)
	at org.testng.Assert.assertTrue(Assert.java:66)
	at extentPractice.Test1.functionality1test2(Test1.java:17)
</failure>
  </testcase>
  <testcase name="functionality2test1" classname="extentPractice.Test2" time="0.004">
    <failure message="expected [ShridharGiri] but found [Shridhar]" type="java.lang.AssertionError">java.lang.AssertionError: expected [ShridharGiri] but found [Shridhar]
	at org.testng.Assert.fail(Assert.java:110)
	at org.testng.Assert.failNotEquals(Assert.java:1413)
	at org.testng.Assert.assertEqualsImpl(Assert.java:149)
	at org.testng.Assert.assertEquals(Assert.java:131)
	at org.testng.Assert.assertEquals(Assert.java:655)
	at org.testng.Assert.assertEquals(Assert.java:665)
	at extentPractice.Test2.functionality2test1(Test2.java:13)
</failure>
  </testcase>
  <testcase name="functionality2test2" classname="extentPractice.Test2" time="0.003">
    <failure message="expected [ShridharGiri] but found [Shridhar]" type="java.lang.AssertionError">java.lang.AssertionError: expected [ShridharGiri] but found [Shridhar]
	at org.testng.Assert.fail(Assert.java:110)
	at org.testng.Assert.failNotEquals(Assert.java:1413)
	at org.testng.Assert.assertEqualsImpl(Assert.java:149)
	at org.testng.Assert.assertEquals(Assert.java:131)
	at org.testng.Assert.assertEquals(Assert.java:655)
	at org.testng.Assert.assertEquals(Assert.java:665)
	at extentPractice.Test2.functionality2test2(Test2.java:19)
</failure>
  </testcase>
</testsuite>